<?xml version="1.0" encoding="UTF-8"?>
<testng-results ignored="0" total="2" passed="2" failed="0" skipped="0">
  <reporter-output>
  </reporter-output>
  <suite started-at="2020-12-16T00:33:24 EST" name="Surefire suite" finished-at="2020-12-16T00:33:24 EST" duration-ms="30">
    <groups>
    </groups>
    <test started-at="2020-12-16T00:33:24 EST" name="Surefire test" finished-at="2020-12-16T00:33:24 EST" duration-ms="30">
      <class name="qaclickacademy.Mavenjava.AppiumTest">
        <test-method signature="iosApp()[pri:0, instance:qaclickacademy.Mavenjava.AppiumTest@1e9e725a]" started-at="2020-12-16T00:33:24 EST" name="iosApp" finished-at="2020-12-16T00:33:24 EST" duration-ms="4" status="PASS">
          <reporter-output>
          </reporter-output>
        </test-method> <!-- iosApp -->
        <test-method signature="nativeAppAndroid()[pri:0, instance:qaclickacademy.Mavenjava.AppiumTest@1e9e725a]" started-at="2020-12-16T00:33:24 EST" name="nativeAppAndroid" finished-at="2020-12-16T00:33:24 EST" duration-ms="1" status="PASS">
          <reporter-output>
          </reporter-output>
        </test-method> <!-- nativeAppAndroid -->
      </class> <!-- qaclickacademy.Mavenjava.AppiumTest -->
    </test> <!-- Surefire test -->
  </suite> <!-- Surefire suite -->
</testng-results>
